<?xml version="1.0" encoding="UTF-8"?>
<!-- Generated by org.testng.reporters.JUnitReportReporter -->
<testsuite hostname="itlnb994" failures="0" tests="2" name="cucumberOptions.TestNGTestRunner" time="40.546" errors="0" timestamp="2025-01-26T22:04:21 IST" skipped="0">
  <testcase classname="cucumberOptions.TestNGTestRunner" name="runScenario" time="18.202"/>
  <system-out/>
  <testcase classname="cucumberOptions.TestNGTestRunner" name="runScenario" time="22.344"/>
  <system-out/>
</testsuite> <!-- cucumberOptions.TestNGTestRunner -->
